2025-08-10 03:58:00.539 - DBeaver 25.0.5.202505181758 is starting
2025-08-10 03:58:00.540 - OS: Mac OS X 15.6 (aarch64)
2025-08-10 03:58:00.541 - Java version: 21.0.5 by Eclipse Adoptium (64bit)
2025-08-10 03:58:00.541 - Install path: '/Applications/DBeaver.app/Contents/Eclipse'
2025-08-10 03:58:00.541 - Instance path: 'file:/Users/muratcelik/Desktop/oracle hr sql /'
2025-08-10 03:58:00.542 - Memory available 64Mb/1024Mb
2025-08-10 03:58:00.550 - Create display
2025-08-10 03:58:00.682 - Initialize desktop platform...
2025-08-10 03:58:00.683 - Language for locale 'tr_TR' not found. Use default.
2025-08-10 03:58:00.768 - BounceCastle bundle found. Use JCE provider BC
> Start Core File Systems [org.eclipse.core.filesystem 1.11.100.v20241022-0806]
> Start Core Resource Management [org.eclipse.core.resources 3.22.100.v20250206-1238]
> Start DBeaver UI Navigator [org.jkiss.dbeaver.ui.navigator 1.0.155.202505181758]
> Start Team Support Core [org.eclipse.team.core 3.10.600.v20250120-0641]
2025-08-10 03:58:00.905 - Initialize base platform...
2025-08-10 03:58:00.920 - send collected statistics
2025-08-10 03:58:00.929 - Platform initialized (247ms)
2025-08-10 03:58:00.951 - Starting instance server at http://localhost:52360
2025-08-10 03:58:00.956 - Run workbench
> Start Eclipse e4 Workbench SWT [org.eclipse.e4.ui.workbench.swt 0.17.700.v20250123-0706]
> Start Eclipse Application Services [org.eclipse.e4.core.services 2.5.100.v20250131-1039]
> Start Eclipse UI Application Services [org.eclipse.e4.ui.services 1.6.500.v20250123-0754]
> Start Eclipse e4 Progress View [org.eclipse.e4.ui.progress 0.4.700.v20241015-1729]
> Start Eclipse Bindings Support [org.eclipse.e4.ui.bindings 0.14.500.v20241015-1729]
> Start Eclipse e4 core commands [org.eclipse.e4.core.commands 1.1.500.v20241015-1729]
> Start EMF XML/XMI Persistence [org.eclipse.emf.ecore.xmi 2.38.0.v20240721-0634]
> Start Eclipse e4 Workbench Add-ons [org.eclipse.e4.ui.workbench.addons.swt 1.5.600.v20241107-2150]
> Start Eclipse e4 Workbench SWT Renderer [org.eclipse.e4.ui.workbench.renderers.swt 0.16.700.v20250212-1224]
> Start Eclipse Dependency Injection Extensions [org.eclipse.e4.core.di.extensions 0.18.300.v20240413-1529]
> Start Eclipse CSS SWT Support [org.eclipse.e4.ui.css.swt 0.15.500.v20241219-0802]
> Start Eclipse CSS SWT Theme Support [org.eclipse.e4.ui.css.swt.theme 0.14.500.v20250213-1508]
> Start Default Text Editor [org.eclipse.ui.editors 3.19.100.v20250205-1448]
> Start Text Editor Framework [org.eclipse.ui.workbench.texteditor 3.19.100.v20250206-1224]
2025-08-10 03:58:02.015 - Configure workbench window
> Start DBeaver SQL Model [org.jkiss.dbeaver.model.sql 1.0.145.202505181758]
2025-08-10 03:58:02.107 - Total database drivers: 123 (123)
> Start Help System Core [org.eclipse.help 3.10.400.v20240415-0528]
2025-08-10 03:58:02.142 - Create actions
2025-08-10 03:58:02.148 - Disable Eclipse action set 'org.eclipse.ui.edit.text.actionSet.annotationNavigation'
2025-08-10 03:58:02.148 - Disable Eclipse action set 'org.eclipse.ui.WorkingSetActionSet'
2025-08-10 03:58:02.148 - Disable Eclipse action set 'org.eclipse.ui.actionSet.openFiles'
2025-08-10 03:58:02.149 - Create workbench actions
2025-08-10 03:58:02.361 - Initialize workbench window
2025-08-10 03:58:02.364 - Finish initialization
> Start DBeaver UI Editors - Data [org.jkiss.dbeaver.ui.editors.data 1.0.155.202505181758]
> Start GEF Classic Draw2d [org.eclipse.draw2d 3.19.0.202502242203]
> Start GEF Classic GEF (MVC) [org.eclipse.gef 3.21.0.202502242203]
> Start DBeaver ERD UI [org.jkiss.dbeaver.erd.ui 3.0.115.202505181758]
> Start Equinox Java Authentication and Authorization Service (JAAS) [org.eclipse.equinox.security 1.4.500.v20250129-1350]
> Start Internet Connection Management UI [org.eclipse.ui.net 1.5.400.v20240413-1529]
> Start Internet Connection Management [org.eclipse.core.net 1.5.600.v20250124-0919]
> Start DBeaver UI Editors - SQL [org.jkiss.dbeaver.ui.editors.sql 1.0.155.202505181758]
> Start DBeaver Sample Database [org.jkiss.dbeaver.ui.config.sample 1.0.192.202505181758]
> Start DBeaver ERD Model [org.jkiss.dbeaver.erd.model 1.0.115.202505181758]
> Start DBeaver Dashboard UI [org.jkiss.dbeaver.ui.dashboard 1.0.152.202505181758]
> Start DBeaver JDBC Model [org.jkiss.dbeaver.model.jdbc 1.0.48.202505181758]
> Start DBeaver Oracle Model [org.jkiss.dbeaver.ext.oracle 2.1.240.202505181758]
2025-08-10 03:58:05.045 - Open external file(s) [[/Users/muratcelik/Desktop/oracle hr sql /General/Scripts/Script.sql]]
> Start DBeaver SQL Terminal [org.jkiss.dbeaver.ui.editors.sql.terminal 1.0.131.202505181758]
> Start Core Compare Support [org.eclipse.compare.core 3.8.700.v20250120-0641]
> Start Console [org.eclipse.ui.console 3.14.200.v20240918-1457]
> Start Debug Core [org.eclipse.debug.core 3.22.100.v20250129-1642]
> Start DBeaver SQL Language Semantic Model [org.jkiss.dbeaver.model.lsm 1.0.50.202505181758]
2025-08-10 03:58:10.245 - Dispose navigator model
2025-08-10 03:58:10.291 - DBeaver is stopping
2025-08-10 03:58:10.291 - Stop instance server
2025-08-10 03:58:11.303 - DBeaver shutdown completed
